<?xml version="1.0" encoding="UTF-8"?>
<!-- Generated by org.testng.reporters.JUnitReportReporter -->
<testsuite skipped="0" hostname="DESKTOP-84DS5LH" name="com.qa.tests.DemoTest" tests="4" failures="0" timestamp="15 Dec 2019 03:30:05 GMT" time="0.018" errors="0">
  <testcase name="sub" time="0.001" classname="com.qa.tests.DemoTest"/>
  <testcase name="sum" time="0.001" classname="com.qa.tests.DemoTest"/>
  <testcase name="multi" time="0.002" classname="com.qa.tests.DemoTest"/>
  <testcase name="div" time="0.014" classname="com.qa.tests.DemoTest"/>
</testsuite> <!-- com.qa.tests.DemoTest -->
